<?xml version="1.0" encoding="UTF-8"?>
<testsuite name="bfst22.vector.LULN" tests="1" skipped="0" failures="0" errors="0" timestamp="2022-03-16T14:12:36" hostname="Srens-MacBook-Pro.local" time="0.0">
  <properties/>
  <testcase name="testParser()" classname="bfst22.vector.LULN" time="0.0"/>
  <system-out><![CDATA[]]></system-out>
  <system-err><![CDATA[]]></system-err>
</testsuite>
