<?xml version="1.0" encoding="UTF-8"?>
<testsuite name="bfst22.vector.WIHE" tests="1" skipped="0" failures="0" errors="0" timestamp="2022-03-16T14:12:36" hostname="Srens-MacBook-Pro.local" time="0.068">
  <properties/>
  <testcase name="testMyAddress()" classname="bfst22.vector.WIHE" time="0.068"/>
  <system-out><![CDATA[]]></system-out>
  <system-err><![CDATA[]]></system-err>
</testsuite>
