<?xml version="1.0" encoding="UTF-8"?>
<testsuite name="bfst22.vector.MBIA" tests="3" skipped="0" failures="0" errors="0" timestamp="2022-03-16T14:12:36" hostname="Srens-MacBook-Pro.local" time="0.003">
  <properties/>
  <testcase name="ituSimple()" classname="bfst22.vector.MBIA" time="0.001"/>
  <testcase name="itu()" classname="bfst22.vector.MBIA" time="0.0"/>
  <testcase name="ituComma()" classname="bfst22.vector.MBIA" time="0.001"/>
  <system-out><![CDATA[]]></system-out>
  <system-err><![CDATA[]]></system-err>
</testsuite>
