<?xml version="1.0" encoding="UTF-8"?>
<testsuite name="bfst22.vector.TUKA" tests="4" skipped="0" failures="0" errors="0" timestamp="2022-03-16T14:12:36" hostname="Srens-MacBook-Pro.local" time="0.003">
  <properties/>
  <testcase name="addressCity()" classname="bfst22.vector.TUKA" time="0.001"/>
  <testcase name="testEverything()" classname="bfst22.vector.TUKA" time="0.0"/>
  <testcase name="addressFloor()" classname="bfst22.vector.TUKA" time="0.0"/>
  <testcase name="addressPostCode()" classname="bfst22.vector.TUKA" time="0.001"/>
  <system-out><![CDATA[]]></system-out>
  <system-err><![CDATA[]]></system-err>
</testsuite>
